<?xml version="1.0" encoding="UTF-8"?>
<testng-results ignored="0" total="2" passed="2" failed="0" skipped="0">
  <reporter-output>
  </reporter-output>
  <suite started-at="2022-09-30T11:48:12 IST" name="Default suite" finished-at="2022-09-30T11:48:21 IST" duration-ms="8819">
    <groups>
    </groups>
    <test started-at="2022-09-30T11:48:12 IST" name="Default test" finished-at="2022-09-30T11:48:21 IST" duration-ms="8819">
      <class name="Test.TestNgClass">
        <test-method is-config="true" signature="beforeClass()[pri:0, instance:Test.TestNgClass@654f0d9c]" started-at="2022-09-30T11:48:12 IST" name="beforeClass" finished-at="2022-09-30T11:48:14 IST" duration-ms="2107" status="PASS">
          <reporter-output>
          </reporter-output>
        </test-method> <!-- beforeClass -->
        <test-method is-config="true" signature="beforeMethod()[pri:0, instance:Test.TestNgClass@654f0d9c]" started-at="2022-09-30T11:48:14 IST" name="beforeMethod" finished-at="2022-09-30T11:48:18 IST" duration-ms="4040" status="PASS">
          <reporter-output>
          </reporter-output>
        </test-method> <!-- beforeMethod -->
        <test-method signature="test()[pri:0, instance:Test.TestNgClass@654f0d9c]" started-at="2022-09-30T11:48:18 IST" name="test" finished-at="2022-09-30T11:48:18 IST" duration-ms="18" status="PASS">
          <reporter-output>
          </reporter-output>
        </test-method> <!-- test -->
        <test-method is-config="true" signature="aftermethod()[pri:0, instance:Test.TestNgClass@654f0d9c]" started-at="2022-09-30T11:48:18 IST" name="aftermethod" finished-at="2022-09-30T11:48:18 IST" duration-ms="0" status="PASS">
          <reporter-output>
          </reporter-output>
        </test-method> <!-- aftermethod -->
        <test-method is-config="true" signature="beforeMethod()[pri:0, instance:Test.TestNgClass@654f0d9c]" started-at="2022-09-30T11:48:18 IST" name="beforeMethod" finished-at="2022-09-30T11:48:21 IST" duration-ms="2557" status="PASS">
          <reporter-output>
          </reporter-output>
        </test-method> <!-- beforeMethod -->
        <test-method signature="test2()[pri:0, instance:Test.TestNgClass@654f0d9c]" started-at="2022-09-30T11:48:21 IST" name="test2" finished-at="2022-09-30T11:48:21 IST" duration-ms="3" status="PASS">
          <reporter-output>
          </reporter-output>
        </test-method> <!-- test2 -->
        <test-method is-config="true" signature="aftermethod()[pri:0, instance:Test.TestNgClass@654f0d9c]" started-at="2022-09-30T11:48:21 IST" name="aftermethod" finished-at="2022-09-30T11:48:21 IST" duration-ms="1" status="PASS">
          <reporter-output>
          </reporter-output>
        </test-method> <!-- aftermethod -->
        <test-method is-config="true" signature="afterClass()[pri:0, instance:Test.TestNgClass@654f0d9c]" started-at="2022-09-30T11:48:21 IST" name="afterClass" finished-at="2022-09-30T11:48:21 IST" duration-ms="1" status="PASS">
          <reporter-output>
          </reporter-output>
        </test-method> <!-- afterClass -->
      </class> <!-- Test.TestNgClass -->
    </test> <!-- Default test -->
  </suite> <!-- Default suite -->
</testng-results>
