<?xml version="1.0" encoding="UTF-8"?>
<testng-results ignored="0" total="1" passed="1" failed="0" skipped="0">
  <reporter-output>
  </reporter-output>
  <suite started-at="2022-09-23T16:37:57 IST" name="Default suite" finished-at="2022-09-23T16:38:07 IST" duration-ms="9526">
    <groups>
    </groups>
    <test started-at="2022-09-23T16:37:57 IST" name="Default test" finished-at="2022-09-23T16:38:07 IST" duration-ms="9526">
      <class name="Test.TestNGClass2">
        <test-method is-config="true" signature="launchbrowser()[pri:0, instance:Test.TestNGClass2@21de60b4]" started-at="2022-09-23T16:37:58 IST" name="launchbrowser" finished-at="2022-09-23T16:38:00 IST" duration-ms="2237" status="PASS">
          <reporter-output>
          </reporter-output>
        </test-method> <!-- launchbrowser -->
        <test-method is-config="true" signature="beforeMethod()[pri:0, instance:Test.TestNGClass2@21de60b4]" started-at="2022-09-23T16:38:00 IST" name="beforeMethod" finished-at="2022-09-23T16:38:02 IST" duration-ms="2041" status="PASS">
          <reporter-output>
          </reporter-output>
        </test-method> <!-- beforeMethod -->
        <test-method signature="test()[pri:0, instance:Test.TestNGClass2@21de60b4]" started-at="2022-09-23T16:38:02 IST" name="test" finished-at="2022-09-23T16:38:07 IST" duration-ms="5170" status="PASS">
          <reporter-output>
          </reporter-output>
        </test-method> <!-- test -->
        <test-method is-config="true" signature="aftermethod()[pri:0, instance:Test.TestNGClass2@21de60b4]" started-at="2022-09-23T16:38:07 IST" name="aftermethod" finished-at="2022-09-23T16:38:07 IST" duration-ms="0" status="PASS">
          <reporter-output>
          </reporter-output>
        </test-method> <!-- aftermethod -->
        <test-method is-config="true" signature="afterclass()[pri:0, instance:Test.TestNGClass2@21de60b4]" started-at="2022-09-23T16:38:07 IST" name="afterclass" finished-at="2022-09-23T16:38:07 IST" duration-ms="1" status="PASS">
          <reporter-output>
          </reporter-output>
        </test-method> <!-- afterclass -->
      </class> <!-- Test.TestNGClass2 -->
    </test> <!-- Default test -->
  </suite> <!-- Default suite -->
</testng-results>
